\BOOKMARK [1][-]{section.1}{Introduction}{}% 1
\BOOKMARK [2][-]{subsection.1.1}{About This Document}{section.1}% 2
\BOOKMARK [1][-]{section.2}{Overview}{}% 3
\BOOKMARK [2][-]{subsection.2.1}{Introducing FNVEdit}{section.2}% 4
\BOOKMARK [2][-]{subsection.2.2}{Acquisition and Installation}{section.2}% 5
\BOOKMARK [2][-]{subsection.2.3}{Tour of User Interface}{section.2}% 6
\BOOKMARK [2][-]{subsection.2.4}{Saving and Confirmation}{section.2}% 7
\BOOKMARK [2][-]{subsection.2.5}{Quick Tips and Shortcuts}{section.2}% 8
\BOOKMARK [1][-]{section.3}{Master Update and Master Restore}{}% 9
\BOOKMARK [2][-]{subsection.3.1}{Overview}{section.3}% 10
\BOOKMARK [2][-]{subsection.3.2}{Master Update Mode}{section.3}% 11
\BOOKMARK [2][-]{subsection.3.3}{Master Restore Mode}{section.3}% 12
\BOOKMARK [1][-]{section.4}{Conflict Detection and Resolution}{}% 13
\BOOKMARK [2][-]{subsection.4.1}{Overview}{section.4}% 14
\BOOKMARK [2][-]{subsection.4.2}{Differences between Conflicts and Overrides}{section.4}% 15
\BOOKMARK [2][-]{subsection.4.3}{Applying Conflict Filters}{section.4}% 16
\BOOKMARK [2][-]{subsection.4.4}{Color Schemas and Display Order}{section.4}% 17
\BOOKMARK [2][-]{subsection.4.5}{The Conflict Resolution Process}{section.4}% 18
\BOOKMARK [2][-]{subsection.4.6}{Understanding Patch Plugins and Merged Patches}{section.4}% 19
\BOOKMARK [2][-]{subsection.4.7}{Creating a Patch Plugin \(Manual Method\)}{section.4}% 20
\BOOKMARK [2][-]{subsection.4.8}{Creating a Merged Patch \(Automatic Method\)}{section.4}% 21
\BOOKMARK [2][-]{subsection.4.9}{The Conflict Detection Algorithm}{section.4}% 22
\BOOKMARK [1][-]{section.5}{Mod Cleaning and Error Checking}{}% 23
\BOOKMARK [2][-]{subsection.5.1}{Overview}{section.5}% 24
\BOOKMARK [2][-]{subsection.5.2}{Mod Cleaning Process}{section.5}% 25
\BOOKMARK [2][-]{subsection.5.3}{Checking For Reference Errors}{section.5}% 26
\BOOKMARK [2][-]{subsection.5.4}{Checking for Circular Leveled Lists}{section.5}% 27
\BOOKMARK [1][-]{section.6}{Managing Mod Files}{}% 28
\BOOKMARK [2][-]{subsection.6.1}{Overview}{section.6}% 29
\BOOKMARK [2][-]{subsection.6.2}{Adding Master Files to a Plugin}{section.6}% 30
\BOOKMARK [2][-]{subsection.6.3}{Changing Mod FormIDs}{section.6}% 31
\BOOKMARK [2][-]{subsection.6.4}{Merging a Plugin into another Plugin or Master}{section.6}% 32
\BOOKMARK [2][-]{subsection.6.5}{Converting a Plugin into a Master}{section.6}% 33
\BOOKMARK [2][-]{subsection.6.6}{Splitting a Plugin into a Plugin/Master Pair}{section.6}% 34
\BOOKMARK [2][-]{subsection.6.7}{Comparing Two Versions of a Mod}{section.6}% 35
\BOOKMARK [1][-]{section.7}{Transferring Mods from Fallout 3 to Fallout: New Vegas}{}% 36
\BOOKMARK [2][-]{subsection.7.1}{Quick Finish for New Vegas Mod Transfer}{section.7}% 37
\BOOKMARK [2][-]{subsection.7.2}{Complete New Vegas Transfer Process}{section.7}% 38
\BOOKMARK [2][-]{subsection.7.3}{Deleting Offending References}{section.7}% 39
\BOOKMARK [1][-]{section.8}{Mod Utilities}{}% 40
\BOOKMARK [2][-]{subsection.8.1}{Overview}{section.8}% 41
\BOOKMARK [2][-]{subsection.8.2}{Building Reference Information}{section.8}% 42
\BOOKMARK [2][-]{subsection.8.3}{Building Reachable Information}{section.8}% 43
\BOOKMARK [2][-]{subsection.8.4}{Changing and Adding References}{section.8}% 44
\BOOKMARK [2][-]{subsection.8.5}{Marking Nodes as Modified}{section.8}% 45
\BOOKMARK [2][-]{subsection.8.6}{Copying and Replicating Idle Animations}{section.8}% 46
\BOOKMARK [2][-]{subsection.8.7}{Applying Scripts Into}{section.8}% 47
\BOOKMARK [2][-]{subsection.8.8}{Deprecated Functions}{section.8}% 48
\BOOKMARK [1][-]{section.9}{FNVEdit FAQ}{}% 49
\BOOKMARK [2][-]{subsection.9.1}{Overview}{section.9}% 50
\BOOKMARK [2][-]{subsection.9.2}{Beginner Questions}{section.9}% 51
\BOOKMARK [2][-]{subsection.9.3}{Intermediate Questions}{section.9}% 52
\BOOKMARK [2][-]{subsection.9.4}{Advanced Questions}{section.9}% 53
\BOOKMARK [1][-]{section.10}{Cheat Sheets and Quick Reference Charts}{}% 54
